C:\Users\Laurent\Documents\dauphine\projetcomposants\DM2IFGroupe4\developpement\Composant6\Composant6\Debug\cl.command.1.tlog
C:\Users\Laurent\Documents\dauphine\projetcomposants\DM2IFGroupe4\developpement\Composant6\Composant6\Debug\CL.read.1.tlog
C:\Users\Laurent\Documents\dauphine\projetcomposants\DM2IFGroupe4\developpement\Composant6\Composant6\Debug\CL.write.1.tlog
C:\USERS\LAURENT\DOCUMENTS\DAUPHINE\PROJETCOMPOSANTS\DM2IFGROUPE4\DEVELOPPEMENT\COMPOSANT6\COMPOSANT6\DEBUG\COMPOSANT6.DLL.EMBED.MANIFEST
C:\USERS\LAURENT\DOCUMENTS\DAUPHINE\PROJETCOMPOSANTS\DM2IFGROUPE4\DEVELOPPEMENT\COMPOSANT6\COMPOSANT6\DEBUG\COMPOSANT6.DLL.EMBED.MANIFEST.RES
C:\USERS\LAURENT\DOCUMENTS\DAUPHINE\PROJETCOMPOSANTS\DM2IFGROUPE4\DEVELOPPEMENT\COMPOSANT6\COMPOSANT6\DEBUG\COMPOSANT6.DLL.INTERMEDIATE.MANIFEST
C:\USERS\LAURENT\DOCUMENTS\DAUPHINE\PROJETCOMPOSANTS\DM2IFGROUPE4\DEVELOPPEMENT\COMPOSANT6\COMPOSANT6\DEBUG\COMPOSANT6.OBJ
C:\USERS\LAURENT\DOCUMENTS\DAUPHINE\PROJETCOMPOSANTS\DM2IFGROUPE4\DEVELOPPEMENT\COMPOSANT6\COMPOSANT6\DEBUG\COMPOSANT6.RES
C:\Users\Laurent\Documents\dauphine\projetcomposants\DM2IFGroupe4\developpement\Composant6\Composant6\Debug\Composant6.write.1.tlog
C:\Users\Laurent\Documents\dauphine\projetcomposants\DM2IFGroupe4\developpement\Composant6\Composant6\Debug\Composant6_manifest.rc
C:\Users\Laurent\Documents\dauphine\projetcomposants\DM2IFGroupe4\developpement\Composant6\Composant6\Debug\link.5268.read.1.tlog
C:\Users\Laurent\Documents\dauphine\projetcomposants\DM2IFGroupe4\developpement\Composant6\Composant6\Debug\link.5268.write.1.tlog
C:\Users\Laurent\Documents\dauphine\projetcomposants\DM2IFGroupe4\developpement\Composant6\Composant6\Debug\link.5268-cvtres.read.1.tlog
C:\Users\Laurent\Documents\dauphine\projetcomposants\DM2IFGroupe4\developpement\Composant6\Composant6\Debug\link.5268-cvtres.write.1.tlog
C:\Users\Laurent\Documents\dauphine\projetcomposants\DM2IFGroupe4\developpement\Composant6\Composant6\Debug\link.command.1.tlog
C:\Users\Laurent\Documents\dauphine\projetcomposants\DM2IFGroupe4\developpement\Composant6\Composant6\Debug\link.read.1.tlog
C:\Users\Laurent\Documents\dauphine\projetcomposants\DM2IFGroupe4\developpement\Composant6\Composant6\Debug\link.write.1.tlog
C:\Users\Laurent\Documents\dauphine\projetcomposants\DM2IFGroupe4\developpement\Composant6\Composant6\Debug\link-cvtres.read.1.tlog
C:\Users\Laurent\Documents\dauphine\projetcomposants\DM2IFGroupe4\developpement\Composant6\Composant6\Debug\link-cvtres.write.1.tlog
C:\Users\Laurent\Documents\dauphine\projetcomposants\DM2IFGroupe4\developpement\Composant6\Composant6\Debug\mt.command.1.tlog
C:\Users\Laurent\Documents\dauphine\projetcomposants\DM2IFGroupe4\developpement\Composant6\Composant6\Debug\mt.read.1.tlog
C:\Users\Laurent\Documents\dauphine\projetcomposants\DM2IFGroupe4\developpement\Composant6\Composant6\Debug\mt.write.1.tlog
C:\Users\Laurent\Documents\dauphine\projetcomposants\DM2IFGroupe4\developpement\Composant6\Composant6\Debug\rc.command.1.tlog
C:\Users\Laurent\Documents\dauphine\projetcomposants\DM2IFGroupe4\developpement\Composant6\Composant6\Debug\rc.read.1.tlog
C:\Users\Laurent\Documents\dauphine\projetcomposants\DM2IFGroupe4\developpement\Composant6\Composant6\Debug\rc.write.1.tlog
C:\Users\Laurent\Documents\dauphine\projetcomposants\DM2IFGroupe4\developpement\Composant6\Composant6\Debug\vc100.idb
C:\USERS\LAURENT\DOCUMENTS\DAUPHINE\PROJETCOMPOSANTS\DM2IFGROUPE4\DEVELOPPEMENT\COMPOSANT6\COMPOSANT6\DEBUG\VC100.PDB
C:\USERS\LAURENT\DOCUMENTS\DAUPHINE\PROJETCOMPOSANTS\DM2IFGROUPE4\DEVELOPPEMENT\DEBUG\COMPOSANT6.DLL
C:\Users\Laurent\Documents\dauphine\projetcomposants\DM2IFGroupe4\developpement\Debug\Composant6.exp
C:\USERS\LAURENT\DOCUMENTS\DAUPHINE\PROJETCOMPOSANTS\DM2IFGROUPE4\DEVELOPPEMENT\DEBUG\COMPOSANT6.ILK
C:\Users\Laurent\Documents\dauphine\projetcomposants\DM2IFGroupe4\developpement\Debug\Composant6.lib
C:\USERS\LAURENT\DOCUMENTS\DAUPHINE\PROJETCOMPOSANTS\DM2IFGROUPE4\DEVELOPPEMENT\DEBUG\COMPOSANT6.PDB
